mode: atomic
github.com/osmait/gestorDePresupuesto/main.go:9.13,10.39 1 0
github.com/osmait/gestorDePresupuesto/main.go:10.39,12.3 1 0
github.com/osmait/gestorDePresupuesto/src/config/config.go:78.36,130.2 3 0
github.com/osmait/gestorDePresupuesto/src/config/config.go:133.127,145.2 1 0
github.com/osmait/gestorDePresupuesto/src/config/config.go:148.78,156.2 1 0
github.com/osmait/gestorDePresupuesto/src/config/config.go:159.45,164.2 1 0
github.com/osmait/gestorDePresupuesto/src/config/config.go:167.42,169.2 1 0
github.com/osmait/gestorDePresupuesto/src/config/config.go:172.40,174.28 1 0
github.com/osmait/gestorDePresupuesto/src/config/config.go:174.28,176.3 1 0
github.com/osmait/gestorDePresupuesto/src/config/config.go:177.2,177.46 1 0
github.com/osmait/gestorDePresupuesto/src/config/config.go:181.42,182.18 1 0
github.com/osmait/gestorDePresupuesto/src/config/config.go:183.26,184.26 1 0
github.com/osmait/gestorDePresupuesto/src/config/config.go:185.28,186.28 1 0
github.com/osmait/gestorDePresupuesto/src/config/config.go:187.10,188.28 1 0
github.com/osmait/gestorDePresupuesto/src/config/config.go:193.40,195.2 1 0
github.com/osmait/gestorDePresupuesto/src/config/config.go:198.38,200.2 1 0
github.com/osmait/gestorDePresupuesto/src/config/config.go:203.39,205.2 1 0
github.com/osmait/gestorDePresupuesto/src/config/config.go:208.32,210.2 1 0
github.com/osmait/gestorDePresupuesto/src/config/config.go:213.35,214.23 1 0
github.com/osmait/gestorDePresupuesto/src/config/config.go:214.23,216.3 1 0
github.com/osmait/gestorDePresupuesto/src/config/config.go:218.2,218.27 1 0
github.com/osmait/gestorDePresupuesto/src/config/config.go:218.27,220.3 1 0
github.com/osmait/gestorDePresupuesto/src/config/config.go:222.2,222.17 1 0
github.com/osmait/gestorDePresupuesto/src/config/config.go:222.17,224.3 1 0
github.com/osmait/gestorDePresupuesto/src/config/config.go:226.2,226.26 1 0
github.com/osmait/gestorDePresupuesto/src/config/config.go:226.26,228.3 1 0
github.com/osmait/gestorDePresupuesto/src/config/config.go:230.2,230.12 1 0
github.com/osmait/gestorDePresupuesto/src/config/config.go:236.52,237.42 1 0
github.com/osmait/gestorDePresupuesto/src/config/config.go:237.42,239.3 1 0
github.com/osmait/gestorDePresupuesto/src/config/config.go:240.2,240.21 1 0
github.com/osmait/gestorDePresupuesto/src/config/config.go:244.50,245.42 1 0
github.com/osmait/gestorDePresupuesto/src/config/config.go:245.42,246.55 1 0
github.com/osmait/gestorDePresupuesto/src/config/config.go:246.55,248.4 1 0
github.com/osmait/gestorDePresupuesto/src/config/config.go:250.2,250.21 1 0
github.com/osmait/gestorDePresupuesto/src/config/config.go:254.53,255.42 1 0
github.com/osmait/gestorDePresupuesto/src/config/config.go:255.42,256.61 1 0
github.com/osmait/gestorDePresupuesto/src/config/config.go:256.61,258.4 1 0
github.com/osmait/gestorDePresupuesto/src/config/config.go:260.2,260.21 1 0
github.com/osmait/gestorDePresupuesto/src/config/config.go:264.46,265.60 1 0
github.com/osmait/gestorDePresupuesto/src/config/config.go:265.60,267.3 1 0
github.com/osmait/gestorDePresupuesto/src/config/config.go:268.2,268.23 1 0
github.com/osmait/gestorDePresupuesto/src/config/config.go:272.50,275.2 2 0
github.com/osmait/gestorDePresupuesto/src/config/config.go:278.68,279.42 1 0
github.com/osmait/gestorDePresupuesto/src/config/config.go:279.42,283.3 1 0
github.com/osmait/gestorDePresupuesto/src/config/config.go:284.2,284.21 1 0
github.com/osmait/gestorDePresupuesto/src/config/config.go:289.37,290.38 1 0
github.com/osmait/gestorDePresupuesto/src/config/config.go:290.38,292.69 1 0
github.com/osmait/gestorDePresupuesto/src/config/config.go:294.2,294.73 1 0
github.com/osmait/gestorDePresupuesto/src/internals/domain/account/account.go:14.80,21.2 1 0
github.com/osmait/gestorDePresupuesto/src/internals/domain/budget/budget.go:13.71,20.2 1 0
github.com/osmait/gestorDePresupuesto/src/cmd/api/boostrap/boostrap.go:33.18,36.16 2 0
github.com/osmait/gestorDePresupuesto/src/cmd/api/boostrap/boostrap.go:36.16,38.3 1 0
github.com/osmait/gestorDePresupuesto/src/cmd/api/boostrap/boostrap.go:41.2,50.16 7 0
github.com/osmait/gestorDePresupuesto/src/cmd/api/boostrap/boostrap.go:50.16,52.3 1 0
github.com/osmait/gestorDePresupuesto/src/cmd/api/boostrap/boostrap.go:54.2,75.21 14 0
github.com/osmait/gestorDePresupuesto/src/internals/domain/auth/authRequest.go:8.58,13.2 1 0
github.com/osmait/gestorDePresupuesto/src/internals/domain/invesment/invesment.go:15.109,24.2 1 0
github.com/osmait/gestorDePresupuesto/src/internals/domain/category/category.go:14.58,21.2 1 0
github.com/osmait/gestorDePresupuesto/src/internals/domain/user/user.go:16.64,24.2 1 0
github.com/osmait/gestorDePresupuesto/src/internals/domain/transaction/transaction.go:18.119,28.2 1 0
github.com/osmait/gestorDePresupuesto/src/internals/platform/server/handler/account/accountHandler.go:12.76,13.32 1 0
github.com/osmait/gestorDePresupuesto/src/internals/platform/server/handler/account/accountHandler.go:13.32,16.48 3 0
github.com/osmait/gestorDePresupuesto/src/internals/platform/server/handler/account/accountHandler.go:16.48,19.4 2 0
github.com/osmait/gestorDePresupuesto/src/internals/platform/server/handler/account/accountHandler.go:20.3,21.17 2 0
github.com/osmait/gestorDePresupuesto/src/internals/platform/server/handler/account/accountHandler.go:21.17,23.4 1 0
github.com/osmait/gestorDePresupuesto/src/internals/platform/server/handler/account/accountHandler.go:24.3,24.33 1 0
github.com/osmait/gestorDePresupuesto/src/internals/platform/server/handler/account/accountHandler.go:28.77,29.32 1 0
github.com/osmait/gestorDePresupuesto/src/internals/platform/server/handler/account/accountHandler.go:29.32,32.17 3 0
github.com/osmait/gestorDePresupuesto/src/internals/platform/server/handler/account/accountHandler.go:32.17,34.4 1 0
github.com/osmait/gestorDePresupuesto/src/internals/platform/server/handler/account/accountHandler.go:36.3,36.36 1 0
github.com/osmait/gestorDePresupuesto/src/internals/platform/server/handler/account/accountHandler.go:40.76,41.32 1 0
github.com/osmait/gestorDePresupuesto/src/internals/platform/server/handler/account/accountHandler.go:41.32,44.17 3 0
github.com/osmait/gestorDePresupuesto/src/internals/platform/server/handler/account/accountHandler.go:44.17,46.4 1 0
github.com/osmait/gestorDePresupuesto/src/internals/platform/server/handler/account/accountHandler.go:47.3,47.37 1 0
github.com/osmait/gestorDePresupuesto/src/internals/platform/server/handler/category/categoryHandler.go:12.82,13.30 1 0
github.com/osmait/gestorDePresupuesto/src/internals/platform/server/handler/category/categoryHandler.go:13.30,17.17 4 0
github.com/osmait/gestorDePresupuesto/src/internals/platform/server/handler/category/categoryHandler.go:17.17,20.4 2 0
github.com/osmait/gestorDePresupuesto/src/internals/platform/server/handler/category/categoryHandler.go:21.3,23.17 2 0
github.com/osmait/gestorDePresupuesto/src/internals/platform/server/handler/category/categoryHandler.go:23.17,26.4 2 0
github.com/osmait/gestorDePresupuesto/src/internals/platform/server/handler/category/categoryHandler.go:27.3,27.40 1 0
github.com/osmait/gestorDePresupuesto/src/internals/platform/server/handler/category/categoryHandler.go:31.84,32.30 1 0
github.com/osmait/gestorDePresupuesto/src/internals/platform/server/handler/category/categoryHandler.go:32.30,35.17 3 0
github.com/osmait/gestorDePresupuesto/src/internals/platform/server/handler/category/categoryHandler.go:35.17,38.4 2 0
github.com/osmait/gestorDePresupuesto/src/internals/platform/server/handler/category/categoryHandler.go:39.3,39.35 1 0
github.com/osmait/gestorDePresupuesto/src/internals/platform/server/handler/category/categoryHandler.go:43.82,44.30 1 0
github.com/osmait/gestorDePresupuesto/src/internals/platform/server/handler/category/categoryHandler.go:44.30,47.17 3 0
github.com/osmait/gestorDePresupuesto/src/internals/platform/server/handler/category/categoryHandler.go:47.17,50.4 2 0
github.com/osmait/gestorDePresupuesto/src/internals/platform/server/handler/category/categoryHandler.go:51.3,51.35 1 0
github.com/osmait/gestorDePresupuesto/src/internals/platform/server/handler/auth/authHadler.go:13.59,14.32 1 0
github.com/osmait/gestorDePresupuesto/src/internals/platform/server/handler/auth/authHadler.go:14.32,17.17 3 0
github.com/osmait/gestorDePresupuesto/src/internals/platform/server/handler/auth/authHadler.go:17.17,20.4 2 0
github.com/osmait/gestorDePresupuesto/src/internals/platform/server/handler/auth/authHadler.go:21.3,22.17 2 0
github.com/osmait/gestorDePresupuesto/src/internals/platform/server/handler/auth/authHadler.go:22.17,23.11 1 0
github.com/osmait/gestorDePresupuesto/src/internals/platform/server/handler/auth/authHadler.go:24.49,26.11 2 0
github.com/osmait/gestorDePresupuesto/src/internals/platform/server/handler/auth/authHadler.go:28.4,29.10 2 0
github.com/osmait/gestorDePresupuesto/src/internals/platform/server/handler/auth/authHadler.go:31.3,31.33 1 0
github.com/osmait/gestorDePresupuesto/src/internals/platform/server/server.go:41.384,57.2 3 0
github.com/osmait/gestorDePresupuesto/src/internals/platform/server/server.go:59.35,72.2 9 0
github.com/osmait/gestorDePresupuesto/src/internals/platform/server/server.go:74.49,82.12 3 0
github.com/osmait/gestorDePresupuesto/src/internals/platform/server/server.go:82.12,83.77 1 0
github.com/osmait/gestorDePresupuesto/src/internals/platform/server/server.go:83.77,85.4 1 0
github.com/osmait/gestorDePresupuesto/src/internals/platform/server/server.go:88.2,92.34 4 0
github.com/osmait/gestorDePresupuesto/src/internals/platform/server/server.go:95.57,99.12 4 0
github.com/osmait/gestorDePresupuesto/src/internals/platform/server/server.go:99.12,102.3 2 0
github.com/osmait/gestorDePresupuesto/src/internals/platform/server/server.go:104.2,104.12 1 0
github.com/osmait/gestorDePresupuesto/src/internals/platform/server/handler/budget/budgetHandler.go:13.74,14.30 1 0
github.com/osmait/gestorDePresupuesto/src/internals/platform/server/handler/budget/budgetHandler.go:14.30,19.17 4 0
github.com/osmait/gestorDePresupuesto/src/internals/platform/server/handler/budget/budgetHandler.go:19.17,22.4 2 0
github.com/osmait/gestorDePresupuesto/src/internals/platform/server/handler/budget/budgetHandler.go:23.3,25.17 2 0
github.com/osmait/gestorDePresupuesto/src/internals/platform/server/handler/budget/budgetHandler.go:25.17,28.4 2 0
github.com/osmait/gestorDePresupuesto/src/internals/platform/server/handler/budget/budgetHandler.go:29.3,29.40 1 0
github.com/osmait/gestorDePresupuesto/src/internals/platform/server/handler/budget/budgetHandler.go:33.75,34.30 1 0
github.com/osmait/gestorDePresupuesto/src/internals/platform/server/handler/budget/budgetHandler.go:34.30,37.17 3 0
github.com/osmait/gestorDePresupuesto/src/internals/platform/server/handler/budget/budgetHandler.go:37.17,40.4 2 0
github.com/osmait/gestorDePresupuesto/src/internals/platform/server/handler/budget/budgetHandler.go:41.3,41.33 1 0
github.com/osmait/gestorDePresupuesto/src/internals/platform/server/handler/budget/budgetHandler.go:45.74,46.30 1 0
github.com/osmait/gestorDePresupuesto/src/internals/platform/server/handler/budget/budgetHandler.go:46.30,49.17 3 0
github.com/osmait/gestorDePresupuesto/src/internals/platform/server/handler/budget/budgetHandler.go:49.17,52.4 2 0
github.com/osmait/gestorDePresupuesto/src/internals/platform/server/handler/budget/budgetHandler.go:53.3,53.35 1 0
github.com/osmait/gestorDePresupuesto/src/internals/platform/server/handler/invesment/invesmentHandler.go:12.86,13.30 1 0
github.com/osmait/gestorDePresupuesto/src/internals/platform/server/handler/invesment/invesmentHandler.go:13.30,16.17 3 0
github.com/osmait/gestorDePresupuesto/src/internals/platform/server/handler/invesment/invesmentHandler.go:16.17,19.4 2 0
github.com/osmait/gestorDePresupuesto/src/internals/platform/server/handler/invesment/invesmentHandler.go:20.3,21.17 2 0
github.com/osmait/gestorDePresupuesto/src/internals/platform/server/handler/invesment/invesmentHandler.go:21.17,24.4 2 0
github.com/osmait/gestorDePresupuesto/src/internals/platform/server/handler/invesment/invesmentHandler.go:25.3,25.40 1 0
github.com/osmait/gestorDePresupuesto/src/internals/platform/server/handler/invesment/invesmentHandler.go:29.87,30.30 1 0
github.com/osmait/gestorDePresupuesto/src/internals/platform/server/handler/invesment/invesmentHandler.go:30.30,33.17 3 0
github.com/osmait/gestorDePresupuesto/src/internals/platform/server/handler/invesment/invesmentHandler.go:33.17,36.4 2 0
github.com/osmait/gestorDePresupuesto/src/internals/platform/server/handler/invesment/invesmentHandler.go:37.3,37.36 1 0
github.com/osmait/gestorDePresupuesto/src/internals/platform/server/handler/invesment/invesmentHandler.go:41.86,42.30 1 0
github.com/osmait/gestorDePresupuesto/src/internals/platform/server/handler/invesment/invesmentHandler.go:42.30,45.17 3 0
github.com/osmait/gestorDePresupuesto/src/internals/platform/server/handler/invesment/invesmentHandler.go:45.17,48.4 2 0
github.com/osmait/gestorDePresupuesto/src/internals/platform/server/handler/invesment/invesmentHandler.go:49.3,49.35 1 0
github.com/osmait/gestorDePresupuesto/src/internals/platform/server/handler/error/errorHandler.go:11.54,12.9 1 0
github.com/osmait/gestorDePresupuesto/src/internals/platform/server/handler/error/errorHandler.go:13.40,16.9 3 0
github.com/osmait/gestorDePresupuesto/src/internals/platform/server/handler/error/errorHandler.go:17.41,20.9 3 0
github.com/osmait/gestorDePresupuesto/src/internals/platform/server/handler/error/errorHandler.go:21.36,24.9 3 0
github.com/osmait/gestorDePresupuesto/src/internals/platform/server/handler/error/errorHandler.go:26.10,29.9 3 0
github.com/osmait/gestorDePresupuesto/src/internals/platform/server/handler/transaction/transactionHandler.go:14.92,15.32 1 0
github.com/osmait/gestorDePresupuesto/src/internals/platform/server/handler/transaction/transactionHandler.go:15.32,20.59 3 0
github.com/osmait/gestorDePresupuesto/src/internals/platform/server/handler/transaction/transactionHandler.go:20.59,23.4 2 0
github.com/osmait/gestorDePresupuesto/src/internals/platform/server/handler/transaction/transactionHandler.go:24.3,35.17 2 0
github.com/osmait/gestorDePresupuesto/src/internals/platform/server/handler/transaction/transactionHandler.go:35.17,38.4 2 0
github.com/osmait/gestorDePresupuesto/src/internals/platform/server/handler/transaction/transactionHandler.go:40.3,40.33 1 0
github.com/osmait/gestorDePresupuesto/src/internals/platform/server/handler/transaction/transactionHandler.go:44.105,45.32 1 0
github.com/osmait/gestorDePresupuesto/src/internals/platform/server/handler/transaction/transactionHandler.go:45.32,49.33 4 0
github.com/osmait/gestorDePresupuesto/src/internals/platform/server/handler/transaction/transactionHandler.go:49.33,53.4 3 0
github.com/osmait/gestorDePresupuesto/src/internals/platform/server/handler/transaction/transactionHandler.go:55.3,56.17 2 0
github.com/osmait/gestorDePresupuesto/src/internals/platform/server/handler/transaction/transactionHandler.go:56.17,59.4 2 0
github.com/osmait/gestorDePresupuesto/src/internals/platform/server/handler/transaction/transactionHandler.go:61.3,61.44 1 0
github.com/osmait/gestorDePresupuesto/src/internals/platform/server/handler/transaction/transactionHandler.go:65.93,66.32 1 0
github.com/osmait/gestorDePresupuesto/src/internals/platform/server/handler/transaction/transactionHandler.go:66.32,71.33 4 0
github.com/osmait/gestorDePresupuesto/src/internals/platform/server/handler/transaction/transactionHandler.go:71.33,75.4 3 0
github.com/osmait/gestorDePresupuesto/src/internals/platform/server/handler/transaction/transactionHandler.go:77.3,78.17 2 0
github.com/osmait/gestorDePresupuesto/src/internals/platform/server/handler/transaction/transactionHandler.go:78.17,81.4 2 0
github.com/osmait/gestorDePresupuesto/src/internals/platform/server/handler/transaction/transactionHandler.go:83.3,83.44 1 0
github.com/osmait/gestorDePresupuesto/src/internals/platform/server/handler/transaction/transactionHandler.go:87.92,88.32 1 0
github.com/osmait/gestorDePresupuesto/src/internals/platform/server/handler/transaction/transactionHandler.go:88.32,91.17 3 0
github.com/osmait/gestorDePresupuesto/src/internals/platform/server/handler/transaction/transactionHandler.go:91.17,94.4 2 0
github.com/osmait/gestorDePresupuesto/src/internals/platform/server/handler/transaction/transactionHandler.go:95.3,95.37 1 0
github.com/osmait/gestorDePresupuesto/src/internals/platform/storage/postgress/account/accountRepository.go:16.58,20.2 1 0
github.com/osmait/gestorDePresupuesto/src/internals/platform/storage/postgress/account/accountRepository.go:22.90,25.2 2 0
github.com/osmait/gestorDePresupuesto/src/internals/platform/storage/postgress/account/accountRepository.go:27.104,29.16 2 0
github.com/osmait/gestorDePresupuesto/src/internals/platform/storage/postgress/account/accountRepository.go:29.16,31.3 1 0
github.com/osmait/gestorDePresupuesto/src/internals/platform/storage/postgress/account/accountRepository.go:32.2,32.15 1 0
github.com/osmait/gestorDePresupuesto/src/internals/platform/storage/postgress/account/accountRepository.go:32.15,34.17 2 0
github.com/osmait/gestorDePresupuesto/src/internals/platform/storage/postgress/account/accountRepository.go:34.17,36.4 1 0
github.com/osmait/gestorDePresupuesto/src/internals/platform/storage/postgress/account/accountRepository.go:38.2,39.18 2 0
github.com/osmait/gestorDePresupuesto/src/internals/platform/storage/postgress/account/accountRepository.go:39.18,41.102 2 0
github.com/osmait/gestorDePresupuesto/src/internals/platform/storage/postgress/account/accountRepository.go:41.102,43.4 1 0
github.com/osmait/gestorDePresupuesto/src/internals/platform/storage/postgress/account/accountRepository.go:47.2,47.34 1 0
github.com/osmait/gestorDePresupuesto/src/internals/platform/storage/postgress/account/accountRepository.go:47.34,49.3 1 0
github.com/osmait/gestorDePresupuesto/src/internals/platform/storage/postgress/account/accountRepository.go:50.2,50.22 1 0
github.com/osmait/gestorDePresupuesto/src/internals/platform/storage/postgress/account/accountRepository.go:53.77,56.2 2 0
github.com/osmait/gestorDePresupuesto/src/internals/platform/storage/postgress/account/accountRepository.go:58.89,60.16 2 0
github.com/osmait/gestorDePresupuesto/src/internals/platform/storage/postgress/account/accountRepository.go:60.16,62.3 1 0
github.com/osmait/gestorDePresupuesto/src/internals/platform/storage/postgress/account/accountRepository.go:63.2,63.15 1 0
github.com/osmait/gestorDePresupuesto/src/internals/platform/storage/postgress/account/accountRepository.go:63.15,65.17 2 0
github.com/osmait/gestorDePresupuesto/src/internals/platform/storage/postgress/account/accountRepository.go:65.17,67.4 1 0
github.com/osmait/gestorDePresupuesto/src/internals/platform/storage/postgress/account/accountRepository.go:69.2,70.18 2 0
github.com/osmait/gestorDePresupuesto/src/internals/platform/storage/postgress/account/accountRepository.go:70.18,71.42 1 0
github.com/osmait/gestorDePresupuesto/src/internals/platform/storage/postgress/account/accountRepository.go:71.42,73.4 1 0
github.com/osmait/gestorDePresupuesto/src/internals/platform/storage/postgress/account/accountRepository.go:75.2,75.34 1 0
github.com/osmait/gestorDePresupuesto/src/internals/platform/storage/postgress/account/accountRepository.go:75.34,78.3 2 0
github.com/osmait/gestorDePresupuesto/src/internals/platform/storage/postgress/account/accountRepository.go:80.2,80.19 1 0
github.com/osmait/gestorDePresupuesto/src/internals/platform/storage/postgress/budget/budgetRepository.go:15.56,19.2 1 0
github.com/osmait/gestorDePresupuesto/src/internals/platform/storage/postgress/budget/budgetRepository.go:21.83,24.2 2 0
github.com/osmait/gestorDePresupuesto/src/internals/platform/storage/postgress/budget/budgetRepository.go:26.98,28.16 2 0
github.com/osmait/gestorDePresupuesto/src/internals/platform/storage/postgress/budget/budgetRepository.go:28.16,30.3 1 0
github.com/osmait/gestorDePresupuesto/src/internals/platform/storage/postgress/budget/budgetRepository.go:32.2,32.15 1 0
github.com/osmait/gestorDePresupuesto/src/internals/platform/storage/postgress/budget/budgetRepository.go:32.15,34.17 2 0
github.com/osmait/gestorDePresupuesto/src/internals/platform/storage/postgress/budget/budgetRepository.go:34.17,36.4 1 0
github.com/osmait/gestorDePresupuesto/src/internals/platform/storage/postgress/budget/budgetRepository.go:39.2,41.18 2 0
github.com/osmait/gestorDePresupuesto/src/internals/platform/storage/postgress/budget/budgetRepository.go:41.18,43.117 2 0
github.com/osmait/gestorDePresupuesto/src/internals/platform/storage/postgress/budget/budgetRepository.go:43.117,45.4 1 0
github.com/osmait/gestorDePresupuesto/src/internals/platform/storage/postgress/budget/budgetRepository.go:47.2,47.34 1 0
github.com/osmait/gestorDePresupuesto/src/internals/platform/storage/postgress/budget/budgetRepository.go:47.34,49.3 1 0
github.com/osmait/gestorDePresupuesto/src/internals/platform/storage/postgress/budget/budgetRepository.go:50.2,50.21 1 0
github.com/osmait/gestorDePresupuesto/src/internals/platform/storage/postgress/budget/budgetRepository.go:53.92,55.16 2 0
github.com/osmait/gestorDePresupuesto/src/internals/platform/storage/postgress/budget/budgetRepository.go:55.16,57.3 1 0
github.com/osmait/gestorDePresupuesto/src/internals/platform/storage/postgress/budget/budgetRepository.go:59.2,59.15 1 0
github.com/osmait/gestorDePresupuesto/src/internals/platform/storage/postgress/budget/budgetRepository.go:59.15,61.17 2 0
github.com/osmait/gestorDePresupuesto/src/internals/platform/storage/postgress/budget/budgetRepository.go:61.17,63.4 1 0
github.com/osmait/gestorDePresupuesto/src/internals/platform/storage/postgress/budget/budgetRepository.go:66.2,67.18 2 0
github.com/osmait/gestorDePresupuesto/src/internals/platform/storage/postgress/budget/budgetRepository.go:67.18,68.117 1 0
github.com/osmait/gestorDePresupuesto/src/internals/platform/storage/postgress/budget/budgetRepository.go:68.117,70.4 1 0
github.com/osmait/gestorDePresupuesto/src/internals/platform/storage/postgress/budget/budgetRepository.go:72.2,72.34 1 0
github.com/osmait/gestorDePresupuesto/src/internals/platform/storage/postgress/budget/budgetRepository.go:72.34,74.3 1 0
github.com/osmait/gestorDePresupuesto/src/internals/platform/storage/postgress/budget/budgetRepository.go:75.2,75.21 1 0
github.com/osmait/gestorDePresupuesto/src/internals/platform/storage/postgress/budget/budgetRepository.go:78.73,81.2 2 0
github.com/osmait/gestorDePresupuesto/src/internals/platform/server/routes/accountRoutes.go:9.73,13.2 3 0
github.com/osmait/gestorDePresupuesto/src/internals/platform/server/routes/authRoutes.go:9.63,11.2 1 0
github.com/osmait/gestorDePresupuesto/src/internals/platform/server/routes/budgetRoutes.go:9.73,13.2 3 0
github.com/osmait/gestorDePresupuesto/src/internals/platform/server/routes/categoryRoutes.go:9.80,13.2 3 0
github.com/osmait/gestorDePresupuesto/src/internals/platform/server/routes/healt.routes.go:32.80,34.43 1 0
github.com/osmait/gestorDePresupuesto/src/internals/platform/server/routes/healt.routes.go:34.43,39.3 1 0
github.com/osmait/gestorDePresupuesto/src/internals/platform/server/routes/healt.routes.go:42.2,42.45 1 0
github.com/osmait/gestorDePresupuesto/src/internals/platform/server/routes/healt.routes.go:42.45,47.3 1 0
github.com/osmait/gestorDePresupuesto/src/internals/platform/server/routes/healt.routes.go:50.2,50.54 1 0
github.com/osmait/gestorDePresupuesto/src/internals/platform/server/routes/healt.routes.go:50.54,60.34 7 0
github.com/osmait/gestorDePresupuesto/src/internals/platform/server/routes/healt.routes.go:60.34,62.4 1 0
github.com/osmait/gestorDePresupuesto/src/internals/platform/server/routes/healt.routes.go:65.3,67.38 3 0
github.com/osmait/gestorDePresupuesto/src/internals/platform/server/routes/healt.routes.go:67.38,69.4 1 0
github.com/osmait/gestorDePresupuesto/src/internals/platform/server/routes/healt.routes.go:72.3,74.35 3 0
github.com/osmait/gestorDePresupuesto/src/internals/platform/server/routes/healt.routes.go:74.35,76.4 1 0
github.com/osmait/gestorDePresupuesto/src/internals/platform/server/routes/healt.routes.go:78.3,88.35 3 0
github.com/osmait/gestorDePresupuesto/src/internals/platform/server/routes/healt.routes.go:88.35,90.4 1 0
github.com/osmait/gestorDePresupuesto/src/internals/platform/server/routes/healt.routes.go:90.9,90.41 1 0
github.com/osmait/gestorDePresupuesto/src/internals/platform/server/routes/healt.routes.go:90.41,92.4 1 0
github.com/osmait/gestorDePresupuesto/src/internals/platform/server/routes/healt.routes.go:94.3,94.31 1 0
github.com/osmait/gestorDePresupuesto/src/internals/platform/server/routes/healt.routes.go:98.2,98.51 1 0
github.com/osmait/gestorDePresupuesto/src/internals/platform/server/routes/healt.routes.go:98.51,103.45 3 0
github.com/osmait/gestorDePresupuesto/src/internals/platform/server/routes/healt.routes.go:103.45,110.4 2 0
github.com/osmait/gestorDePresupuesto/src/internals/platform/server/routes/healt.routes.go:112.3,115.5 1 0
github.com/osmait/gestorDePresupuesto/src/internals/platform/server/routes/healt.routes.go:119.2,119.50 1 0
github.com/osmait/gestorDePresupuesto/src/internals/platform/server/routes/healt.routes.go:119.50,126.3 1 0
github.com/osmait/gestorDePresupuesto/src/internals/platform/server/routes/healt.routes.go:129.2,129.46 1 0
github.com/osmait/gestorDePresupuesto/src/internals/platform/server/routes/healt.routes.go:129.46,139.3 1 0
github.com/osmait/gestorDePresupuesto/src/internals/platform/server/routes/healt.routes.go:143.65,144.15 1 0
github.com/osmait/gestorDePresupuesto/src/internals/platform/server/routes/healt.routes.go:144.15,149.3 1 0
github.com/osmait/gestorDePresupuesto/src/internals/platform/server/routes/healt.routes.go:152.2,152.44 1 0
github.com/osmait/gestorDePresupuesto/src/internals/platform/server/routes/healt.routes.go:152.44,157.3 1 0
github.com/osmait/gestorDePresupuesto/src/internals/platform/server/routes/healt.routes.go:160.2,162.69 3 0
github.com/osmait/gestorDePresupuesto/src/internals/platform/server/routes/healt.routes.go:162.69,167.3 1 0
github.com/osmait/gestorDePresupuesto/src/internals/platform/server/routes/healt.routes.go:170.2,183.3 2 0
github.com/osmait/gestorDePresupuesto/src/internals/platform/server/routes/healt.routes.go:187.32,199.2 1 0
github.com/osmait/gestorDePresupuesto/src/internals/platform/server/routes/healt.routes.go:202.37,220.2 2 0
github.com/osmait/gestorDePresupuesto/src/internals/platform/server/routes/invesmentRoutes.go:9.85,13.2 3 0
github.com/osmait/gestorDePresupuesto/src/internals/platform/server/routes/transactionRoutes.go:10.91,15.2 4 0
github.com/osmait/gestorDePresupuesto/src/internals/platform/server/routes/userRoutes.go:9.62,13.2 3 0
github.com/osmait/gestorDePresupuesto/src/internals/platform/server/middleware/auth.go:24.42,25.35 1 0
github.com/osmait/gestorDePresupuesto/src/internals/platform/server/middleware/auth.go:25.35,26.33 1 0
github.com/osmait/gestorDePresupuesto/src/internals/platform/server/middleware/auth.go:26.33,28.4 1 0
github.com/osmait/gestorDePresupuesto/src/internals/platform/server/middleware/auth.go:30.2,30.13 1 0
github.com/osmait/gestorDePresupuesto/src/internals/platform/server/middleware/auth.go:40.91,41.30 1 0
github.com/osmait/gestorDePresupuesto/src/internals/platform/server/middleware/auth.go:41.30,43.44 1 0
github.com/osmait/gestorDePresupuesto/src/internals/platform/server/middleware/auth.go:43.44,46.4 2 0
github.com/osmait/gestorDePresupuesto/src/internals/platform/server/middleware/auth.go:49.3,50.23 2 0
github.com/osmait/gestorDePresupuesto/src/internals/platform/server/middleware/auth.go:50.23,56.4 3 0
github.com/osmait/gestorDePresupuesto/src/internals/platform/server/middleware/auth.go:59.3,60.56 2 0
github.com/osmait/gestorDePresupuesto/src/internals/platform/server/middleware/auth.go:60.56,66.4 3 0
github.com/osmait/gestorDePresupuesto/src/internals/platform/server/middleware/auth.go:69.3,69.106 1 0
github.com/osmait/gestorDePresupuesto/src/internals/platform/server/middleware/auth.go:69.106,71.55 1 0
github.com/osmait/gestorDePresupuesto/src/internals/platform/server/middleware/auth.go:71.55,73.5 1 0
github.com/osmait/gestorDePresupuesto/src/internals/platform/server/middleware/auth.go:75.4,75.40 1 0
github.com/osmait/gestorDePresupuesto/src/internals/platform/server/middleware/auth.go:78.3,78.17 1 0
github.com/osmait/gestorDePresupuesto/src/internals/platform/server/middleware/auth.go:78.17,84.4 3 0
github.com/osmait/gestorDePresupuesto/src/internals/platform/server/middleware/auth.go:87.3,88.26 2 0
github.com/osmait/gestorDePresupuesto/src/internals/platform/server/middleware/auth.go:88.26,94.4 3 0
github.com/osmait/gestorDePresupuesto/src/internals/platform/server/middleware/auth.go:97.3,98.17 2 0
github.com/osmait/gestorDePresupuesto/src/internals/platform/server/middleware/auth.go:98.17,104.4 3 0
github.com/osmait/gestorDePresupuesto/src/internals/platform/server/middleware/auth.go:106.3,106.18 1 0
github.com/osmait/gestorDePresupuesto/src/internals/platform/server/middleware/auth.go:106.18,112.4 3 0
github.com/osmait/gestorDePresupuesto/src/internals/platform/server/middleware/auth.go:115.3,117.11 3 0
github.com/osmait/gestorDePresupuesto/src/internals/platform/server/middleware/auth.go:122.88,123.30 1 0
github.com/osmait/gestorDePresupuesto/src/internals/platform/server/middleware/auth.go:123.30,125.23 2 0
github.com/osmait/gestorDePresupuesto/src/internals/platform/server/middleware/auth.go:125.23,131.4 3 0
github.com/osmait/gestorDePresupuesto/src/internals/platform/server/middleware/auth.go:134.3,134.41 1 0
github.com/osmait/gestorDePresupuesto/src/internals/platform/server/middleware/auth.go:139.89,140.30 1 0
github.com/osmait/gestorDePresupuesto/src/internals/platform/server/middleware/auth.go:140.30,142.23 2 0
github.com/osmait/gestorDePresupuesto/src/internals/platform/server/middleware/auth.go:142.23,146.4 2 0
github.com/osmait/gestorDePresupuesto/src/internals/platform/server/middleware/auth.go:149.3,149.41 1 0
github.com/osmait/gestorDePresupuesto/src/internals/platform/server/middleware/logging.go:32.55,35.2 2 0
github.com/osmait/gestorDePresupuesto/src/internals/platform/server/middleware/logging.go:38.43,40.22 1 0
github.com/osmait/gestorDePresupuesto/src/internals/platform/server/middleware/logging.go:41.15,42.45 1 0
github.com/osmait/gestorDePresupuesto/src/internals/platform/server/middleware/logging.go:43.14,44.44 1 0
github.com/osmait/gestorDePresupuesto/src/internals/platform/server/middleware/logging.go:45.14,46.44 1 0
github.com/osmait/gestorDePresupuesto/src/internals/platform/server/middleware/logging.go:47.15,48.45 1 0
github.com/osmait/gestorDePresupuesto/src/internals/platform/server/middleware/logging.go:49.15,50.45 1 0
github.com/osmait/gestorDePresupuesto/src/internals/platform/server/middleware/logging.go:51.15,52.45 1 0
github.com/osmait/gestorDePresupuesto/src/internals/platform/server/middleware/logging.go:53.10,54.44 1 0
github.com/osmait/gestorDePresupuesto/src/internals/platform/server/middleware/logging.go:58.2,58.52 1 0
github.com/osmait/gestorDePresupuesto/src/internals/platform/server/middleware/logging.go:58.52,63.3 1 0
github.com/osmait/gestorDePresupuesto/src/internals/platform/server/middleware/logging.go:63.8,70.3 1 0
github.com/osmait/gestorDePresupuesto/src/internals/platform/server/middleware/logging.go:73.2,73.25 1 0
github.com/osmait/gestorDePresupuesto/src/internals/platform/server/middleware/logging.go:73.25,75.3 1 0
github.com/osmait/gestorDePresupuesto/src/internals/platform/server/middleware/logging.go:79.60,80.75 1 0
github.com/osmait/gestorDePresupuesto/src/internals/platform/server/middleware/logging.go:80.75,83.3 1 0
github.com/osmait/gestorDePresupuesto/src/internals/platform/server/middleware/logging.go:87.57,94.30 2 0
github.com/osmait/gestorDePresupuesto/src/internals/platform/server/middleware/logging.go:94.30,96.36 1 0
github.com/osmait/gestorDePresupuesto/src/internals/platform/server/middleware/logging.go:96.36,99.4 2 0
github.com/osmait/gestorDePresupuesto/src/internals/platform/server/middleware/logging.go:101.3,107.22 5 0
github.com/osmait/gestorDePresupuesto/src/internals/platform/server/middleware/logging.go:107.22,110.4 2 0
github.com/osmait/gestorDePresupuesto/src/internals/platform/server/middleware/logging.go:113.3,114.45 2 0
github.com/osmait/gestorDePresupuesto/src/internals/platform/server/middleware/logging.go:114.45,117.4 2 0
github.com/osmait/gestorDePresupuesto/src/internals/platform/server/middleware/logging.go:120.3,121.26 2 0
github.com/osmait/gestorDePresupuesto/src/internals/platform/server/middleware/logging.go:121.26,127.4 2 0
github.com/osmait/gestorDePresupuesto/src/internals/platform/server/middleware/logging.go:130.3,143.24 8 0
github.com/osmait/gestorDePresupuesto/src/internals/platform/server/middleware/logging.go:143.24,145.4 1 0
github.com/osmait/gestorDePresupuesto/src/internals/platform/server/middleware/logging.go:145.9,145.31 1 0
github.com/osmait/gestorDePresupuesto/src/internals/platform/server/middleware/logging.go:145.31,147.4 1 0
github.com/osmait/gestorDePresupuesto/src/internals/platform/server/middleware/logging.go:150.3,160.20 2 0
github.com/osmait/gestorDePresupuesto/src/internals/platform/server/middleware/logging.go:160.20,161.44 1 0
github.com/osmait/gestorDePresupuesto/src/internals/platform/server/middleware/logging.go:161.44,163.5 1 0
github.com/osmait/gestorDePresupuesto/src/internals/platform/server/middleware/logging.go:167.3,167.26 1 0
github.com/osmait/gestorDePresupuesto/src/internals/platform/server/middleware/logging.go:167.26,168.55 1 0
github.com/osmait/gestorDePresupuesto/src/internals/platform/server/middleware/logging.go:168.55,170.5 1 0
github.com/osmait/gestorDePresupuesto/src/internals/platform/server/middleware/logging.go:171.4,171.56 1 0
github.com/osmait/gestorDePresupuesto/src/internals/platform/server/middleware/logging.go:171.56,173.5 1 0
github.com/osmait/gestorDePresupuesto/src/internals/platform/server/middleware/logging.go:177.3,177.24 1 0
github.com/osmait/gestorDePresupuesto/src/internals/platform/server/middleware/logging.go:177.24,179.33 2 0
github.com/osmait/gestorDePresupuesto/src/internals/platform/server/middleware/logging.go:179.33,181.5 1 0
github.com/osmait/gestorDePresupuesto/src/internals/platform/server/middleware/logging.go:182.4,182.49 1 0
github.com/osmait/gestorDePresupuesto/src/internals/platform/server/middleware/logging.go:186.3,186.38 1 0
github.com/osmait/gestorDePresupuesto/src/internals/platform/server/middleware/logging.go:186.38,188.4 1 0
github.com/osmait/gestorDePresupuesto/src/internals/platform/server/middleware/logging.go:191.3,191.28 1 0
github.com/osmait/gestorDePresupuesto/src/internals/platform/server/middleware/logging.go:191.28,193.4 1 0
github.com/osmait/gestorDePresupuesto/src/internals/platform/server/middleware/logging.go:195.3,195.41 1 0
github.com/osmait/gestorDePresupuesto/src/internals/platform/server/middleware/logging.go:200.37,201.30 1 0
github.com/osmait/gestorDePresupuesto/src/internals/platform/server/middleware/logging.go:201.30,205.32 2 0
github.com/osmait/gestorDePresupuesto/src/internals/platform/server/middleware/logging.go:205.32,213.4 1 0
github.com/osmait/gestorDePresupuesto/src/internals/platform/server/middleware/logging.go:218.40,219.30 1 0
github.com/osmait/gestorDePresupuesto/src/internals/platform/server/middleware/logging.go:219.30,221.37 1 0
github.com/osmait/gestorDePresupuesto/src/internals/platform/server/middleware/logging.go:221.37,227.4 1 0
github.com/osmait/gestorDePresupuesto/src/internals/platform/server/middleware/logging.go:229.3,232.65 2 0
github.com/osmait/gestorDePresupuesto/src/internals/platform/server/middleware/logging.go:232.65,238.4 1 0
github.com/osmait/gestorDePresupuesto/src/internals/platform/server/middleware/logging.go:241.3,241.31 1 0
github.com/osmait/gestorDePresupuesto/src/internals/platform/server/middleware/logging.go:241.31,248.4 1 0
github.com/osmait/gestorDePresupuesto/src/internals/platform/server/middleware/logging.go:251.3,251.31 1 0
github.com/osmait/gestorDePresupuesto/src/internals/platform/server/middleware/logging.go:251.31,260.21 3 0
github.com/osmait/gestorDePresupuesto/src/internals/platform/server/middleware/logging.go:260.21,261.45 1 0
github.com/osmait/gestorDePresupuesto/src/internals/platform/server/middleware/logging.go:261.45,263.6 1 0
github.com/osmait/gestorDePresupuesto/src/internals/platform/server/middleware/logging.go:266.4,266.48 1 0
github.com/osmait/gestorDePresupuesto/src/internals/platform/server/middleware/logging.go:272.70,273.24 1 0
github.com/osmait/gestorDePresupuesto/src/internals/platform/server/middleware/logging.go:273.24,275.3 1 0
github.com/osmait/gestorDePresupuesto/src/internals/platform/server/middleware/logging.go:277.2,277.30 1 0
github.com/osmait/gestorDePresupuesto/src/internals/platform/server/middleware/logging.go:277.30,285.30 4 0
github.com/osmait/gestorDePresupuesto/src/internals/platform/server/middleware/logging.go:285.30,294.4 1 0
github.com/osmait/gestorDePresupuesto/src/internals/platform/server/middleware/logging.go:297.3,297.32 1 0
github.com/osmait/gestorDePresupuesto/src/internals/platform/server/middleware/logging.go:297.32,304.4 1 0
github.com/osmait/gestorDePresupuesto/src/internals/platform/server/middleware/logging.go:309.33,311.2 1 0
github.com/osmait/gestorDePresupuesto/src/internals/platform/server/middleware/logging.go:314.38,315.30 1 0
github.com/osmait/gestorDePresupuesto/src/internals/platform/server/middleware/logging.go:315.30,317.26 2 0
github.com/osmait/gestorDePresupuesto/src/internals/platform/server/middleware/logging.go:317.26,319.4 1 0
github.com/osmait/gestorDePresupuesto/src/internals/platform/server/middleware/logging.go:321.3,329.11 4 0
github.com/osmait/gestorDePresupuesto/src/internals/platform/server/middleware/ratelimit.go:23.63,33.2 3 0
github.com/osmait/gestorDePresupuesto/src/internals/platform/server/middleware/ratelimit.go:36.65,41.13 4 0
github.com/osmait/gestorDePresupuesto/src/internals/platform/server/middleware/ratelimit.go:41.13,48.3 2 0
github.com/osmait/gestorDePresupuesto/src/internals/platform/server/middleware/ratelimit.go:50.2,50.16 1 0
github.com/osmait/gestorDePresupuesto/src/internals/platform/server/middleware/ratelimit.go:54.45,58.6 3 0
github.com/osmait/gestorDePresupuesto/src/internals/platform/server/middleware/ratelimit.go:58.6,59.10 1 0
github.com/osmait/gestorDePresupuesto/src/internals/platform/server/middleware/ratelimit.go:60.19,65.19 3 0
github.com/osmait/gestorDePresupuesto/src/internals/platform/server/middleware/ratelimit.go:71.59,72.30 1 0
github.com/osmait/gestorDePresupuesto/src/internals/platform/server/middleware/ratelimit.go:72.30,73.37 1 0
github.com/osmait/gestorDePresupuesto/src/internals/platform/server/middleware/ratelimit.go:73.37,76.4 2 0
github.com/osmait/gestorDePresupuesto/src/internals/platform/server/middleware/ratelimit.go:79.3,79.46 1 0
github.com/osmait/gestorDePresupuesto/src/internals/platform/server/middleware/ratelimit.go:79.46,82.4 2 0
github.com/osmait/gestorDePresupuesto/src/internals/platform/server/middleware/ratelimit.go:85.3,91.23 3 0
github.com/osmait/gestorDePresupuesto/src/internals/platform/server/middleware/ratelimit.go:91.23,103.4 6 0
github.com/osmait/gestorDePresupuesto/src/internals/platform/server/middleware/ratelimit.go:106.3,109.11 3 0
github.com/osmait/gestorDePresupuesto/src/internals/platform/server/middleware/ratelimit.go:114.61,115.30 1 0
github.com/osmait/gestorDePresupuesto/src/internals/platform/server/middleware/ratelimit.go:115.30,116.37 1 0
github.com/osmait/gestorDePresupuesto/src/internals/platform/server/middleware/ratelimit.go:116.37,119.4 2 0
github.com/osmait/gestorDePresupuesto/src/internals/platform/server/middleware/ratelimit.go:122.3,122.46 1 0
github.com/osmait/gestorDePresupuesto/src/internals/platform/server/middleware/ratelimit.go:122.46,125.4 2 0
github.com/osmait/gestorDePresupuesto/src/internals/platform/server/middleware/ratelimit.go:128.3,129.14 2 0
github.com/osmait/gestorDePresupuesto/src/internals/platform/server/middleware/ratelimit.go:129.14,133.4 2 0
github.com/osmait/gestorDePresupuesto/src/internals/platform/server/middleware/ratelimit.go:135.3,136.10 2 0
github.com/osmait/gestorDePresupuesto/src/internals/platform/server/middleware/ratelimit.go:136.10,140.4 2 0
github.com/osmait/gestorDePresupuesto/src/internals/platform/server/middleware/ratelimit.go:143.3,149.23 3 0
github.com/osmait/gestorDePresupuesto/src/internals/platform/server/middleware/ratelimit.go:149.23,161.4 6 0
github.com/osmait/gestorDePresupuesto/src/internals/platform/server/middleware/ratelimit.go:164.3,167.11 3 0
github.com/osmait/gestorDePresupuesto/src/internals/platform/server/middleware/ratelimit.go:172.84,173.30 1 0
github.com/osmait/gestorDePresupuesto/src/internals/platform/server/middleware/ratelimit.go:173.30,174.37 1 0
github.com/osmait/gestorDePresupuesto/src/internals/platform/server/middleware/ratelimit.go:174.37,177.4 2 0
github.com/osmait/gestorDePresupuesto/src/internals/platform/server/middleware/ratelimit.go:180.3,181.51 2 0
github.com/osmait/gestorDePresupuesto/src/internals/platform/server/middleware/ratelimit.go:181.51,182.44 1 0
github.com/osmait/gestorDePresupuesto/src/internals/platform/server/middleware/ratelimit.go:182.44,184.5 1 0
github.com/osmait/gestorDePresupuesto/src/internals/platform/server/middleware/ratelimit.go:187.3,187.16 1 0
github.com/osmait/gestorDePresupuesto/src/internals/platform/server/middleware/ratelimit.go:187.16,189.4 1 0
github.com/osmait/gestorDePresupuesto/src/internals/platform/server/middleware/ratelimit.go:192.3,198.29 2 0
github.com/osmait/gestorDePresupuesto/src/internals/platform/server/middleware/ratelimit.go:198.29,210.4 6 0
github.com/osmait/gestorDePresupuesto/src/internals/platform/server/middleware/ratelimit.go:212.3,212.11 1 0
github.com/osmait/gestorDePresupuesto/src/internals/platform/server/middleware/ratelimit.go:217.60,219.2 1 0
github.com/osmait/gestorDePresupuesto/src/internals/platform/server/middleware/ratelimit.go:222.66,224.2 1 0
github.com/osmait/gestorDePresupuesto/src/internals/platform/server/middleware/ratelimit.go:227.41,230.25 2 0
github.com/osmait/gestorDePresupuesto/src/internals/platform/server/middleware/ratelimit.go:230.25,233.19 2 0
github.com/osmait/gestorDePresupuesto/src/internals/platform/server/middleware/ratelimit.go:233.19,235.4 1 0
github.com/osmait/gestorDePresupuesto/src/internals/platform/server/middleware/ratelimit.go:239.2,240.19 2 0
github.com/osmait/gestorDePresupuesto/src/internals/platform/server/middleware/ratelimit.go:240.19,242.3 1 0
github.com/osmait/gestorDePresupuesto/src/internals/platform/server/middleware/ratelimit.go:245.2,246.26 2 0
github.com/osmait/gestorDePresupuesto/src/internals/platform/server/middleware/ratelimit.go:246.26,248.3 1 0
github.com/osmait/gestorDePresupuesto/src/internals/platform/server/middleware/ratelimit.go:251.2,251.21 1 0
github.com/osmait/gestorDePresupuesto/src/internals/platform/server/middleware/ratelimit.go:255.44,263.37 2 0
github.com/osmait/gestorDePresupuesto/src/internals/platform/server/middleware/ratelimit.go:263.37,264.39 1 0
github.com/osmait/gestorDePresupuesto/src/internals/platform/server/middleware/ratelimit.go:264.39,266.4 1 0
github.com/osmait/gestorDePresupuesto/src/internals/platform/server/middleware/ratelimit.go:269.2,269.14 1 0
github.com/osmait/gestorDePresupuesto/src/internals/platform/server/middleware/ratelimit.go:280.85,281.30 1 0
github.com/osmait/gestorDePresupuesto/src/internals/platform/server/middleware/ratelimit.go:281.30,282.37 1 0
github.com/osmait/gestorDePresupuesto/src/internals/platform/server/middleware/ratelimit.go:282.37,285.4 2 0
github.com/osmait/gestorDePresupuesto/src/internals/platform/server/middleware/ratelimit.go:288.3,294.23 4 0
github.com/osmait/gestorDePresupuesto/src/internals/platform/server/middleware/ratelimit.go:294.23,306.4 6 0
github.com/osmait/gestorDePresupuesto/src/internals/platform/server/middleware/ratelimit.go:308.3,308.11 1 0
github.com/osmait/gestorDePresupuesto/src/internals/platform/server/middleware/validation.go:21.54,33.2 6 0
github.com/osmait/gestorDePresupuesto/src/internals/platform/server/middleware/validation.go:37.64,38.30 1 0
github.com/osmait/gestorDePresupuesto/src/internals/platform/server/middleware/validation.go:38.30,40.76 1 0
github.com/osmait/gestorDePresupuesto/src/internals/platform/server/middleware/validation.go:40.76,43.4 2 0
github.com/osmait/gestorDePresupuesto/src/internals/platform/server/middleware/validation.go:46.3,47.25 2 0
github.com/osmait/gestorDePresupuesto/src/internals/platform/server/middleware/validation.go:47.25,50.4 2 0
github.com/osmait/gestorDePresupuesto/src/internals/platform/server/middleware/validation.go:53.3,53.65 1 0
github.com/osmait/gestorDePresupuesto/src/internals/platform/server/middleware/validation.go:53.65,60.4 3 0
github.com/osmait/gestorDePresupuesto/src/internals/platform/server/middleware/validation.go:62.3,62.11 1 0
github.com/osmait/gestorDePresupuesto/src/internals/platform/server/middleware/validation.go:67.94,69.56 2 0
github.com/osmait/gestorDePresupuesto/src/internals/platform/server/middleware/validation.go:69.56,71.3 1 0
github.com/osmait/gestorDePresupuesto/src/internals/platform/server/middleware/validation.go:74.2,75.20 2 0
github.com/osmait/gestorDePresupuesto/src/internals/platform/server/middleware/validation.go:76.21,82.6 1 0
github.com/osmait/gestorDePresupuesto/src/internals/platform/server/middleware/validation.go:83.24,88.6 1 0
github.com/osmait/gestorDePresupuesto/src/internals/platform/server/middleware/validation.go:89.28,97.6 1 0
github.com/osmait/gestorDePresupuesto/src/internals/platform/server/middleware/validation.go:98.25,103.6 1 0
github.com/osmait/gestorDePresupuesto/src/internals/platform/server/middleware/validation.go:104.23,108.6 1 0
github.com/osmait/gestorDePresupuesto/src/internals/platform/server/middleware/validation.go:109.10,111.13 1 0
github.com/osmait/gestorDePresupuesto/src/internals/platform/server/middleware/validation.go:115.2,115.56 1 0
github.com/osmait/gestorDePresupuesto/src/internals/platform/server/middleware/validation.go:115.56,117.3 1 0
github.com/osmait/gestorDePresupuesto/src/internals/platform/server/middleware/validation.go:120.2,120.59 1 0
github.com/osmait/gestorDePresupuesto/src/internals/platform/server/middleware/validation.go:120.59,122.3 1 0
github.com/osmait/gestorDePresupuesto/src/internals/platform/server/middleware/validation.go:124.2,124.12 1 0
github.com/osmait/gestorDePresupuesto/src/internals/platform/server/middleware/validation.go:128.72,131.66 2 0
github.com/osmait/gestorDePresupuesto/src/internals/platform/server/middleware/validation.go:131.66,132.38 1 0
github.com/osmait/gestorDePresupuesto/src/internals/platform/server/middleware/validation.go:132.38,134.4 1 0
github.com/osmait/gestorDePresupuesto/src/internals/platform/server/middleware/validation.go:137.2,137.29 1 0
github.com/osmait/gestorDePresupuesto/src/internals/platform/server/middleware/validation.go:137.29,139.3 1 0
github.com/osmait/gestorDePresupuesto/src/internals/platform/server/middleware/validation.go:141.2,141.79 1 0
github.com/osmait/gestorDePresupuesto/src/internals/platform/server/middleware/validation.go:145.81,148.17 2 0
github.com/osmait/gestorDePresupuesto/src/internals/platform/server/middleware/validation.go:149.18,150.46 1 0
github.com/osmait/gestorDePresupuesto/src/internals/platform/server/middleware/validation.go:151.13,152.76 1 0
github.com/osmait/gestorDePresupuesto/src/internals/platform/server/middleware/validation.go:153.13,154.75 1 0
github.com/osmait/gestorDePresupuesto/src/internals/platform/server/middleware/validation.go:155.15,156.64 1 0
github.com/osmait/gestorDePresupuesto/src/internals/platform/server/middleware/validation.go:157.21,158.71 1 0
github.com/osmait/gestorDePresupuesto/src/internals/platform/server/middleware/validation.go:159.27,160.124 1 0
github.com/osmait/gestorDePresupuesto/src/internals/platform/server/middleware/validation.go:161.26,162.68 1 0
github.com/osmait/gestorDePresupuesto/src/internals/platform/server/middleware/validation.go:163.25,164.60 1 0
github.com/osmait/gestorDePresupuesto/src/internals/platform/server/middleware/validation.go:165.20,166.79 1 0
github.com/osmait/gestorDePresupuesto/src/internals/platform/server/middleware/validation.go:167.10,168.65 1 0
github.com/osmait/gestorDePresupuesto/src/internals/platform/server/middleware/validation.go:173.55,175.29 2 0
github.com/osmait/gestorDePresupuesto/src/internals/platform/server/middleware/validation.go:175.29,176.45 1 0
github.com/osmait/gestorDePresupuesto/src/internals/platform/server/middleware/validation.go:176.45,178.4 1 0
github.com/osmait/gestorDePresupuesto/src/internals/platform/server/middleware/validation.go:180.2,180.13 1 0
github.com/osmait/gestorDePresupuesto/src/internals/platform/server/middleware/validation.go:184.61,187.23 2 0
github.com/osmait/gestorDePresupuesto/src/internals/platform/server/middleware/validation.go:187.23,189.3 1 0
github.com/osmait/gestorDePresupuesto/src/internals/platform/server/middleware/validation.go:191.2,198.32 2 0
github.com/osmait/gestorDePresupuesto/src/internals/platform/server/middleware/validation.go:198.32,199.10 1 0
github.com/osmait/gestorDePresupuesto/src/internals/platform/server/middleware/validation.go:200.30,201.19 1 0
github.com/osmait/gestorDePresupuesto/src/internals/platform/server/middleware/validation.go:202.30,203.19 1 0
github.com/osmait/gestorDePresupuesto/src/internals/platform/server/middleware/validation.go:204.31,205.20 1 0
github.com/osmait/gestorDePresupuesto/src/internals/platform/server/middleware/validation.go:206.56,207.21 1 0
github.com/osmait/gestorDePresupuesto/src/internals/platform/server/middleware/validation.go:211.2,211.56 1 0
github.com/osmait/gestorDePresupuesto/src/internals/platform/server/middleware/validation.go:215.60,218.2 2 0
github.com/osmait/gestorDePresupuesto/src/internals/platform/server/middleware/validation.go:221.59,224.2 2 0
github.com/osmait/gestorDePresupuesto/src/internals/platform/server/middleware/validation.go:227.45,235.37 2 0
github.com/osmait/gestorDePresupuesto/src/internals/platform/server/middleware/validation.go:235.37,236.39 1 0
github.com/osmait/gestorDePresupuesto/src/internals/platform/server/middleware/validation.go:236.39,238.4 1 0
github.com/osmait/gestorDePresupuesto/src/internals/platform/server/middleware/validation.go:242.2,242.14 1 0
github.com/osmait/gestorDePresupuesto/src/internals/platform/server/middleware/validation.go:246.61,247.30 1 0
github.com/osmait/gestorDePresupuesto/src/internals/platform/server/middleware/validation.go:247.30,250.3 2 0
github.com/osmait/gestorDePresupuesto/src/internals/platform/server/middleware/validation.go:254.38,255.30 1 0
github.com/osmait/gestorDePresupuesto/src/internals/platform/server/middleware/validation.go:255.30,261.3 2 0
github.com/osmait/gestorDePresupuesto/src/internals/platform/server/middleware/validation.go:265.38,268.47 2 0
github.com/osmait/gestorDePresupuesto/src/internals/platform/server/middleware/validation.go:268.47,269.32 1 0
github.com/osmait/gestorDePresupuesto/src/internals/platform/server/middleware/validation.go:269.32,271.4 1 0
github.com/osmait/gestorDePresupuesto/src/internals/platform/server/middleware/validation.go:276.36,277.30 1 0
github.com/osmait/gestorDePresupuesto/src/internals/platform/server/middleware/validation.go:277.30,279.23 2 0
github.com/osmait/gestorDePresupuesto/src/internals/platform/server/middleware/validation.go:279.23,282.4 2 0
github.com/osmait/gestorDePresupuesto/src/internals/platform/server/middleware/validation.go:285.3,286.46 2 0
github.com/osmait/gestorDePresupuesto/src/internals/platform/server/middleware/validation.go:286.46,292.4 3 0
github.com/osmait/gestorDePresupuesto/src/internals/platform/server/middleware/validation.go:295.3,296.27 2 0
github.com/osmait/gestorDePresupuesto/src/internals/platform/server/middleware/validation.go:296.27,302.4 3 0
github.com/osmait/gestorDePresupuesto/src/internals/platform/server/middleware/validation.go:304.3,304.11 1 0
github.com/osmait/gestorDePresupuesto/src/internals/platform/server/handler/user/userHandler.go:12.61,13.30 1 0
github.com/osmait/gestorDePresupuesto/src/internals/platform/server/handler/user/userHandler.go:13.30,16.17 3 0
github.com/osmait/gestorDePresupuesto/src/internals/platform/server/handler/user/userHandler.go:16.17,19.4 2 0
github.com/osmait/gestorDePresupuesto/src/internals/platform/server/handler/user/userHandler.go:20.3,20.30 1 0
github.com/osmait/gestorDePresupuesto/src/internals/platform/server/handler/user/userHandler.go:24.64,25.30 1 0
github.com/osmait/gestorDePresupuesto/src/internals/platform/server/handler/user/userHandler.go:25.30,28.17 3 0
github.com/osmait/gestorDePresupuesto/src/internals/platform/server/handler/user/userHandler.go:28.17,31.4 2 0
github.com/osmait/gestorDePresupuesto/src/internals/platform/server/handler/user/userHandler.go:32.3,32.30 1 0
github.com/osmait/gestorDePresupuesto/src/internals/platform/server/handler/user/userHandler.go:36.64,37.30 1 0
github.com/osmait/gestorDePresupuesto/src/internals/platform/server/handler/user/userHandler.go:37.30,40.17 3 0
github.com/osmait/gestorDePresupuesto/src/internals/platform/server/handler/user/userHandler.go:40.17,43.4 2 0
github.com/osmait/gestorDePresupuesto/src/internals/platform/server/handler/user/userHandler.go:45.3,46.17 2 0
github.com/osmait/gestorDePresupuesto/src/internals/platform/server/handler/user/userHandler.go:46.17,49.4 2 0
github.com/osmait/gestorDePresupuesto/src/internals/platform/server/handler/user/userHandler.go:51.3,51.26 1 0
github.com/osmait/gestorDePresupuesto/src/internals/platform/storage/postgress/invesment/invesmentRepository.go:15.62,19.2 1 0
github.com/osmait/gestorDePresupuesto/src/internals/platform/storage/postgress/invesment/invesmentRepository.go:21.95,25.2 2 0
github.com/osmait/gestorDePresupuesto/src/internals/platform/storage/postgress/invesment/invesmentRepository.go:27.107,29.16 2 0
github.com/osmait/gestorDePresupuesto/src/internals/platform/storage/postgress/invesment/invesmentRepository.go:29.16,31.3 1 0
github.com/osmait/gestorDePresupuesto/src/internals/platform/storage/postgress/invesment/invesmentRepository.go:33.2,33.15 1 0
github.com/osmait/gestorDePresupuesto/src/internals/platform/storage/postgress/invesment/invesmentRepository.go:33.15,35.17 2 0
github.com/osmait/gestorDePresupuesto/src/internals/platform/storage/postgress/invesment/invesmentRepository.go:35.17,37.4 1 0
github.com/osmait/gestorDePresupuesto/src/internals/platform/storage/postgress/invesment/invesmentRepository.go:40.2,41.18 2 0
github.com/osmait/gestorDePresupuesto/src/internals/platform/storage/postgress/invesment/invesmentRepository.go:41.18,43.171 2 0
github.com/osmait/gestorDePresupuesto/src/internals/platform/storage/postgress/invesment/invesmentRepository.go:43.171,45.4 1 0
github.com/osmait/gestorDePresupuesto/src/internals/platform/storage/postgress/invesment/invesmentRepository.go:47.2,47.34 1 0
github.com/osmait/gestorDePresupuesto/src/internals/platform/storage/postgress/invesment/invesmentRepository.go:47.34,49.3 1 0
github.com/osmait/gestorDePresupuesto/src/internals/platform/storage/postgress/invesment/invesmentRepository.go:50.2,50.24 1 0
github.com/osmait/gestorDePresupuesto/src/internals/platform/storage/postgress/invesment/invesmentRepository.go:53.101,55.16 2 0
github.com/osmait/gestorDePresupuesto/src/internals/platform/storage/postgress/invesment/invesmentRepository.go:55.16,57.3 1 0
github.com/osmait/gestorDePresupuesto/src/internals/platform/storage/postgress/invesment/invesmentRepository.go:59.2,59.15 1 0
github.com/osmait/gestorDePresupuesto/src/internals/platform/storage/postgress/invesment/invesmentRepository.go:59.15,61.17 2 0
github.com/osmait/gestorDePresupuesto/src/internals/platform/storage/postgress/invesment/invesmentRepository.go:61.17,63.4 1 0
github.com/osmait/gestorDePresupuesto/src/internals/platform/storage/postgress/invesment/invesmentRepository.go:66.2,67.18 2 0
github.com/osmait/gestorDePresupuesto/src/internals/platform/storage/postgress/invesment/invesmentRepository.go:67.18,68.171 1 0
github.com/osmait/gestorDePresupuesto/src/internals/platform/storage/postgress/invesment/invesmentRepository.go:68.171,70.4 1 0
github.com/osmait/gestorDePresupuesto/src/internals/platform/storage/postgress/invesment/invesmentRepository.go:72.2,72.34 1 0
github.com/osmait/gestorDePresupuesto/src/internals/platform/storage/postgress/invesment/invesmentRepository.go:72.34,74.3 1 0
github.com/osmait/gestorDePresupuesto/src/internals/platform/storage/postgress/invesment/invesmentRepository.go:75.2,75.24 1 0
github.com/osmait/gestorDePresupuesto/src/internals/platform/storage/postgress/invesment/invesmentRepository.go:78.76,81.2 2 0
github.com/osmait/gestorDePresupuesto/src/internals/platform/storage/postgress/category/categoryRepository.go:15.61,19.2 1 0
github.com/osmait/gestorDePresupuesto/src/internals/platform/storage/postgress/category/categoryRepository.go:21.92,24.2 2 0
github.com/osmait/gestorDePresupuesto/src/internals/platform/storage/postgress/category/categoryRepository.go:26.105,28.16 2 0
github.com/osmait/gestorDePresupuesto/src/internals/platform/storage/postgress/category/categoryRepository.go:28.16,30.3 1 0
github.com/osmait/gestorDePresupuesto/src/internals/platform/storage/postgress/category/categoryRepository.go:32.2,32.15 1 0
github.com/osmait/gestorDePresupuesto/src/internals/platform/storage/postgress/category/categoryRepository.go:32.15,34.17 2 0
github.com/osmait/gestorDePresupuesto/src/internals/platform/storage/postgress/category/categoryRepository.go:34.17,36.4 1 0
github.com/osmait/gestorDePresupuesto/src/internals/platform/storage/postgress/category/categoryRepository.go:39.2,40.18 2 0
github.com/osmait/gestorDePresupuesto/src/internals/platform/storage/postgress/category/categoryRepository.go:40.18,42.136 2 0
github.com/osmait/gestorDePresupuesto/src/internals/platform/storage/postgress/category/categoryRepository.go:42.136,44.4 1 0
github.com/osmait/gestorDePresupuesto/src/internals/platform/storage/postgress/category/categoryRepository.go:46.2,46.34 1 0
github.com/osmait/gestorDePresupuesto/src/internals/platform/storage/postgress/category/categoryRepository.go:46.34,48.3 1 0
github.com/osmait/gestorDePresupuesto/src/internals/platform/storage/postgress/category/categoryRepository.go:49.2,49.23 1 0
github.com/osmait/gestorDePresupuesto/src/internals/platform/storage/postgress/category/categoryRepository.go:52.99,54.16 2 0
github.com/osmait/gestorDePresupuesto/src/internals/platform/storage/postgress/category/categoryRepository.go:54.16,56.3 1 0
github.com/osmait/gestorDePresupuesto/src/internals/platform/storage/postgress/category/categoryRepository.go:58.2,58.15 1 0
github.com/osmait/gestorDePresupuesto/src/internals/platform/storage/postgress/category/categoryRepository.go:58.15,60.17 2 0
github.com/osmait/gestorDePresupuesto/src/internals/platform/storage/postgress/category/categoryRepository.go:60.17,62.4 1 0
github.com/osmait/gestorDePresupuesto/src/internals/platform/storage/postgress/category/categoryRepository.go:65.2,66.18 2 0
github.com/osmait/gestorDePresupuesto/src/internals/platform/storage/postgress/category/categoryRepository.go:66.18,67.136 1 0
github.com/osmait/gestorDePresupuesto/src/internals/platform/storage/postgress/category/categoryRepository.go:67.136,69.4 1 0
github.com/osmait/gestorDePresupuesto/src/internals/platform/storage/postgress/category/categoryRepository.go:71.2,71.34 1 0
github.com/osmait/gestorDePresupuesto/src/internals/platform/storage/postgress/category/categoryRepository.go:71.34,73.3 1 0
github.com/osmait/gestorDePresupuesto/src/internals/platform/storage/postgress/category/categoryRepository.go:74.2,74.23 1 0
github.com/osmait/gestorDePresupuesto/src/internals/platform/storage/postgress/category/categoryRepository.go:77.76,80.2 2 0
github.com/osmait/gestorDePresupuesto/src/internals/platform/storage/postgress/user/userRepository.go:16.53,18.2 1 0
github.com/osmait/gestorDePresupuesto/src/internals/platform/storage/postgress/user/userRepository.go:20.75,23.2 2 0
github.com/osmait/gestorDePresupuesto/src/internals/platform/storage/postgress/user/userRepository.go:25.97,27.16 2 0
github.com/osmait/gestorDePresupuesto/src/internals/platform/storage/postgress/user/userRepository.go:27.16,29.3 1 0
github.com/osmait/gestorDePresupuesto/src/internals/platform/storage/postgress/user/userRepository.go:30.2,30.15 1 0
github.com/osmait/gestorDePresupuesto/src/internals/platform/storage/postgress/user/userRepository.go:30.15,32.17 2 0
github.com/osmait/gestorDePresupuesto/src/internals/platform/storage/postgress/user/userRepository.go:32.17,34.4 1 0
github.com/osmait/gestorDePresupuesto/src/internals/platform/storage/postgress/user/userRepository.go:37.2,38.18 2 0
github.com/osmait/gestorDePresupuesto/src/internals/platform/storage/postgress/user/userRepository.go:38.18,39.101 1 0
github.com/osmait/gestorDePresupuesto/src/internals/platform/storage/postgress/user/userRepository.go:39.101,41.4 1 0
github.com/osmait/gestorDePresupuesto/src/internals/platform/storage/postgress/user/userRepository.go:43.2,43.34 1 0
github.com/osmait/gestorDePresupuesto/src/internals/platform/storage/postgress/user/userRepository.go:43.34,45.3 1 0
github.com/osmait/gestorDePresupuesto/src/internals/platform/storage/postgress/user/userRepository.go:46.2,46.19 1 0
github.com/osmait/gestorDePresupuesto/src/internals/platform/storage/postgress/user/userRepository.go:46.19,48.3 1 0
github.com/osmait/gestorDePresupuesto/src/internals/platform/storage/postgress/user/userRepository.go:49.2,49.19 1 0
github.com/osmait/gestorDePresupuesto/src/internals/platform/storage/postgress/user/userRepository.go:52.91,54.16 2 0
github.com/osmait/gestorDePresupuesto/src/internals/platform/storage/postgress/user/userRepository.go:54.16,56.3 1 0
github.com/osmait/gestorDePresupuesto/src/internals/platform/storage/postgress/user/userRepository.go:57.2,57.15 1 0
github.com/osmait/gestorDePresupuesto/src/internals/platform/storage/postgress/user/userRepository.go:57.15,59.17 2 0
github.com/osmait/gestorDePresupuesto/src/internals/platform/storage/postgress/user/userRepository.go:59.17,61.4 1 0
github.com/osmait/gestorDePresupuesto/src/internals/platform/storage/postgress/user/userRepository.go:63.2,64.18 2 0
github.com/osmait/gestorDePresupuesto/src/internals/platform/storage/postgress/user/userRepository.go:64.18,65.85 1 0
github.com/osmait/gestorDePresupuesto/src/internals/platform/storage/postgress/user/userRepository.go:65.85,67.4 1 0
github.com/osmait/gestorDePresupuesto/src/internals/platform/storage/postgress/user/userRepository.go:69.2,69.34 1 0
github.com/osmait/gestorDePresupuesto/src/internals/platform/storage/postgress/user/userRepository.go:69.34,71.3 1 0
github.com/osmait/gestorDePresupuesto/src/internals/platform/storage/postgress/user/userRepository.go:72.2,72.19 1 0
github.com/osmait/gestorDePresupuesto/src/internals/platform/storage/postgress/user/userRepository.go:75.71,78.2 2 0
github.com/osmait/gestorDePresupuesto/src/internals/platform/storage/postgress/transaction/transactionRepository.go:16.66,20.2 1 0
github.com/osmait/gestorDePresupuesto/src/internals/platform/storage/postgress/transaction/transactionRepository.go:22.106,26.2 2 0
github.com/osmait/gestorDePresupuesto/src/internals/platform/storage/postgress/transaction/transactionRepository.go:28.153,31.16 2 0
github.com/osmait/gestorDePresupuesto/src/internals/platform/storage/postgress/transaction/transactionRepository.go:31.16,33.3 1 0
github.com/osmait/gestorDePresupuesto/src/internals/platform/storage/postgress/transaction/transactionRepository.go:34.2,34.15 1 0
github.com/osmait/gestorDePresupuesto/src/internals/platform/storage/postgress/transaction/transactionRepository.go:34.15,36.17 2 0
github.com/osmait/gestorDePresupuesto/src/internals/platform/storage/postgress/transaction/transactionRepository.go:36.17,38.4 1 0
github.com/osmait/gestorDePresupuesto/src/internals/platform/storage/postgress/transaction/transactionRepository.go:41.2,42.18 2 0
github.com/osmait/gestorDePresupuesto/src/internals/platform/storage/postgress/transaction/transactionRepository.go:42.18,44.194 2 0
github.com/osmait/gestorDePresupuesto/src/internals/platform/storage/postgress/transaction/transactionRepository.go:44.194,46.4 1 0
github.com/osmait/gestorDePresupuesto/src/internals/platform/storage/postgress/transaction/transactionRepository.go:50.2,50.34 1 0
github.com/osmait/gestorDePresupuesto/src/internals/platform/storage/postgress/transaction/transactionRepository.go:50.34,52.3 1 0
github.com/osmait/gestorDePresupuesto/src/internals/platform/storage/postgress/transaction/transactionRepository.go:53.2,53.26 1 0
github.com/osmait/gestorDePresupuesto/src/internals/platform/storage/postgress/transaction/transactionRepository.go:56.140,59.16 2 0
github.com/osmait/gestorDePresupuesto/src/internals/platform/storage/postgress/transaction/transactionRepository.go:59.16,61.3 1 0
github.com/osmait/gestorDePresupuesto/src/internals/platform/storage/postgress/transaction/transactionRepository.go:62.2,62.15 1 0
github.com/osmait/gestorDePresupuesto/src/internals/platform/storage/postgress/transaction/transactionRepository.go:62.15,64.17 2 0
github.com/osmait/gestorDePresupuesto/src/internals/platform/storage/postgress/transaction/transactionRepository.go:64.17,66.4 1 0
github.com/osmait/gestorDePresupuesto/src/internals/platform/storage/postgress/transaction/transactionRepository.go:69.2,70.18 2 0
github.com/osmait/gestorDePresupuesto/src/internals/platform/storage/postgress/transaction/transactionRepository.go:70.18,72.194 2 0
github.com/osmait/gestorDePresupuesto/src/internals/platform/storage/postgress/transaction/transactionRepository.go:72.194,74.4 1 0
github.com/osmait/gestorDePresupuesto/src/internals/platform/storage/postgress/transaction/transactionRepository.go:78.2,78.34 1 0
github.com/osmait/gestorDePresupuesto/src/internals/platform/storage/postgress/transaction/transactionRepository.go:78.34,80.3 1 0
github.com/osmait/gestorDePresupuesto/src/internals/platform/storage/postgress/transaction/transactionRepository.go:82.2,82.26 1 0
github.com/osmait/gestorDePresupuesto/src/internals/platform/storage/postgress/transaction/transactionRepository.go:85.109,88.16 2 0
github.com/osmait/gestorDePresupuesto/src/internals/platform/storage/postgress/transaction/transactionRepository.go:88.16,90.3 1 0
github.com/osmait/gestorDePresupuesto/src/internals/platform/storage/postgress/transaction/transactionRepository.go:91.2,91.15 1 0
github.com/osmait/gestorDePresupuesto/src/internals/platform/storage/postgress/transaction/transactionRepository.go:91.15,93.17 2 0
github.com/osmait/gestorDePresupuesto/src/internals/platform/storage/postgress/transaction/transactionRepository.go:93.17,95.4 1 0
github.com/osmait/gestorDePresupuesto/src/internals/platform/storage/postgress/transaction/transactionRepository.go:97.2,98.18 2 0
github.com/osmait/gestorDePresupuesto/src/internals/platform/storage/postgress/transaction/transactionRepository.go:98.18,99.50 1 0
github.com/osmait/gestorDePresupuesto/src/internals/platform/storage/postgress/transaction/transactionRepository.go:99.50,101.4 1 0
github.com/osmait/gestorDePresupuesto/src/internals/platform/storage/postgress/transaction/transactionRepository.go:103.2,103.34 1 0
github.com/osmait/gestorDePresupuesto/src/internals/platform/storage/postgress/transaction/transactionRepository.go:103.34,106.3 2 0
github.com/osmait/gestorDePresupuesto/src/internals/platform/storage/postgress/transaction/transactionRepository.go:108.2,108.27 1 0
github.com/osmait/gestorDePresupuesto/src/internals/platform/storage/postgress/transaction/transactionRepository.go:111.81,115.2 2 0
github.com/osmait/gestorDePresupuesto/src/internals/platform/dto/category/categoryRequest.go:9.68,15.2 1 1
github.com/osmait/gestorDePresupuesto/src/internals/platform/dto/category/categoryResponse.go:13.95,21.2 1 1
github.com/osmait/gestorDePresupuesto/src/internals/platform/dto/user/userRequest.go:14.74,21.2 1 1
github.com/osmait/gestorDePresupuesto/src/internals/platform/dto/user/userRequest.go:25.40,29.2 1 0
github.com/osmait/gestorDePresupuesto/src/internals/platform/dto/user/userResponse.go:13.91,21.2 1 1
github.com/osmait/gestorDePresupuesto/src/internals/services/errorhttp/errorHttp.go:14.40,16.2 1 0
github.com/osmait/gestorDePresupuesto/src/internals/services/errorhttp/errorHttp.go:18.41,20.2 1 0
github.com/osmait/gestorDePresupuesto/src/internals/services/errorhttp/errorHttp.go:22.36,24.2 1 0
github.com/osmait/gestorDePresupuesto/src/internals/services/errorhttp/errorHttp.go:33.79,40.2 1 0
github.com/osmait/gestorDePresupuesto/src/internals/services/budget/budgetServices.go:19.140,24.2 1 3
github.com/osmait/gestorDePresupuesto/src/internals/services/budget/budgetServices.go:26.115,28.16 2 1
github.com/osmait/gestorDePresupuesto/src/internals/services/budget/budgetServices.go:28.16,30.3 1 0
github.com/osmait/gestorDePresupuesto/src/internals/services/budget/budgetServices.go:31.2,36.12 4 1
github.com/osmait/gestorDePresupuesto/src/internals/services/budget/budgetServices.go:39.101,41.16 2 1
github.com/osmait/gestorDePresupuesto/src/internals/services/budget/budgetServices.go:41.16,43.3 1 0
github.com/osmait/gestorDePresupuesto/src/internals/services/budget/budgetServices.go:44.2,45.33 2 1
github.com/osmait/gestorDePresupuesto/src/internals/services/budget/budgetServices.go:45.33,47.17 2 2
github.com/osmait/gestorDePresupuesto/src/internals/services/budget/budgetServices.go:47.17,49.4 1 0
github.com/osmait/gestorDePresupuesto/src/internals/services/budget/budgetServices.go:50.3,51.60 2 2
github.com/osmait/gestorDePresupuesto/src/internals/services/budget/budgetServices.go:54.2,54.29 1 1
github.com/osmait/gestorDePresupuesto/src/internals/services/budget/budgetServices.go:57.71,59.16 2 1
github.com/osmait/gestorDePresupuesto/src/internals/services/budget/budgetServices.go:59.16,61.3 1 0
github.com/osmait/gestorDePresupuesto/src/internals/services/budget/budgetServices.go:62.2,62.22 1 1
github.com/osmait/gestorDePresupuesto/src/internals/services/budget/budgetServices.go:62.22,64.3 1 0
github.com/osmait/gestorDePresupuesto/src/internals/services/budget/budgetServices.go:65.2,66.12 2 1
github.com/osmait/gestorDePresupuesto/src/internals/services/category/categoryServices.go:17.84,21.2 1 3
github.com/osmait/gestorDePresupuesto/src/internals/services/category/categoryServices.go:23.123,25.16 2 1
github.com/osmait/gestorDePresupuesto/src/internals/services/category/categoryServices.go:25.16,27.3 1 0
github.com/osmait/gestorDePresupuesto/src/internals/services/category/categoryServices.go:28.2,33.12 5 1
github.com/osmait/gestorDePresupuesto/src/internals/services/category/categoryServices.go:36.105,38.16 2 1
github.com/osmait/gestorDePresupuesto/src/internals/services/category/categoryServices.go:38.16,40.3 1 0
github.com/osmait/gestorDePresupuesto/src/internals/services/category/categoryServices.go:41.2,42.41 2 1
github.com/osmait/gestorDePresupuesto/src/internals/services/category/categoryServices.go:42.41,45.3 2 10
github.com/osmait/gestorDePresupuesto/src/internals/services/category/categoryServices.go:46.2,46.34 1 1
github.com/osmait/gestorDePresupuesto/src/internals/services/category/categoryServices.go:49.73,51.16 2 1
github.com/osmait/gestorDePresupuesto/src/internals/services/category/categoryServices.go:51.16,53.3 1 0
github.com/osmait/gestorDePresupuesto/src/internals/services/category/categoryServices.go:54.2,54.31 1 1
github.com/osmait/gestorDePresupuesto/src/internals/services/category/categoryServices.go:54.31,56.3 1 0
github.com/osmait/gestorDePresupuesto/src/internals/services/category/categoryServices.go:57.2,58.12 2 1
github.com/osmait/gestorDePresupuesto/src/internals/services/auth/authServices.go:18.83,22.2 1 1
github.com/osmait/gestorDePresupuesto/src/internals/services/auth/authServices.go:24.105,26.16 2 1
github.com/osmait/gestorDePresupuesto/src/internals/services/auth/authServices.go:26.16,28.3 1 0
github.com/osmait/gestorDePresupuesto/src/internals/services/auth/authServices.go:30.2,30.37 1 1
github.com/osmait/gestorDePresupuesto/src/internals/services/auth/authServices.go:30.37,32.3 1 0
github.com/osmait/gestorDePresupuesto/src/internals/services/auth/authServices.go:33.2,34.16 2 1
github.com/osmait/gestorDePresupuesto/src/internals/services/auth/authServices.go:34.16,36.3 1 0
github.com/osmait/gestorDePresupuesto/src/internals/services/auth/authServices.go:38.2,40.16 3 1
github.com/osmait/gestorDePresupuesto/src/internals/services/auth/authServices.go:40.16,42.3 1 0
github.com/osmait/gestorDePresupuesto/src/internals/services/auth/authServices.go:44.2,44.19 1 1
github.com/osmait/gestorDePresupuesto/src/internals/services/invesment/invesmentService.go:15.89,19.2 1 9
github.com/osmait/gestorDePresupuesto/src/internals/services/invesment/invesmentService.go:21.104,24.2 2 2
github.com/osmait/gestorDePresupuesto/src/internals/services/invesment/invesmentService.go:26.105,28.16 2 3
github.com/osmait/gestorDePresupuesto/src/internals/services/invesment/invesmentService.go:28.16,30.3 1 1
github.com/osmait/gestorDePresupuesto/src/internals/services/invesment/invesmentService.go:31.2,31.24 1 2
github.com/osmait/gestorDePresupuesto/src/internals/services/invesment/invesmentService.go:34.74,36.16 2 4
github.com/osmait/gestorDePresupuesto/src/internals/services/invesment/invesmentService.go:36.16,38.3 1 1
github.com/osmait/gestorDePresupuesto/src/internals/services/invesment/invesmentService.go:39.2,39.24 1 3
github.com/osmait/gestorDePresupuesto/src/internals/services/invesment/invesmentService.go:39.24,41.3 1 1
github.com/osmait/gestorDePresupuesto/src/internals/services/invesment/invesmentService.go:42.2,43.12 2 2
github.com/osmait/gestorDePresupuesto/src/internals/services/user/userService.go:18.77,22.2 1 14
github.com/osmait/gestorDePresupuesto/src/internals/services/user/userService.go:24.91,26.49 2 4
github.com/osmait/gestorDePresupuesto/src/internals/services/user/userService.go:26.49,28.3 1 1
github.com/osmait/gestorDePresupuesto/src/internals/services/user/userService.go:30.2,30.26 1 3
github.com/osmait/gestorDePresupuesto/src/internals/services/user/userService.go:30.26,32.3 1 1
github.com/osmait/gestorDePresupuesto/src/internals/services/user/userService.go:33.2,34.16 2 2
github.com/osmait/gestorDePresupuesto/src/internals/services/user/userService.go:34.16,36.3 1 0
github.com/osmait/gestorDePresupuesto/src/internals/services/user/userService.go:37.2,38.16 2 2
github.com/osmait/gestorDePresupuesto/src/internals/services/user/userService.go:38.16,40.3 1 0
github.com/osmait/gestorDePresupuesto/src/internals/services/user/userService.go:41.2,44.12 3 2
github.com/osmait/gestorDePresupuesto/src/internals/services/user/userService.go:47.97,49.16 2 3
github.com/osmait/gestorDePresupuesto/src/internals/services/user/userService.go:49.16,51.3 1 1
github.com/osmait/gestorDePresupuesto/src/internals/services/user/userService.go:52.2,52.19 1 2
github.com/osmait/gestorDePresupuesto/src/internals/services/user/userService.go:52.19,54.3 1 0
github.com/osmait/gestorDePresupuesto/src/internals/services/user/userService.go:55.2,55.25 1 2
github.com/osmait/gestorDePresupuesto/src/internals/services/user/userService.go:55.25,57.3 1 1
github.com/osmait/gestorDePresupuesto/src/internals/services/user/userService.go:59.2,60.26 2 1
github.com/osmait/gestorDePresupuesto/src/internals/services/user/userService.go:63.95,65.16 2 3
github.com/osmait/gestorDePresupuesto/src/internals/services/user/userService.go:65.16,67.3 1 0
github.com/osmait/gestorDePresupuesto/src/internals/services/user/userService.go:68.2,68.19 1 3
github.com/osmait/gestorDePresupuesto/src/internals/services/user/userService.go:68.19,70.3 1 1
github.com/osmait/gestorDePresupuesto/src/internals/services/user/userService.go:71.2,71.19 1 2
github.com/osmait/gestorDePresupuesto/src/internals/services/user/userService.go:71.19,73.3 1 1
github.com/osmait/gestorDePresupuesto/src/internals/services/user/userService.go:74.2,75.26 2 1
github.com/osmait/gestorDePresupuesto/src/internals/services/user/userService.go:78.72,80.16 2 4
github.com/osmait/gestorDePresupuesto/src/internals/services/user/userService.go:80.16,82.3 1 1
github.com/osmait/gestorDePresupuesto/src/internals/services/user/userService.go:83.2,83.19 1 3
github.com/osmait/gestorDePresupuesto/src/internals/services/user/userService.go:83.19,85.3 1 1
github.com/osmait/gestorDePresupuesto/src/internals/services/user/userService.go:86.2,87.12 2 2
github.com/osmait/gestorDePresupuesto/src/internals/platform/dto/budget/budgetRequest.go:8.73,13.2 1 1
github.com/osmait/gestorDePresupuesto/src/internals/platform/dto/budget/budgetResponse.go:14.121,23.2 1 1
github.com/osmait/gestorDePresupuesto/src/internals/platform/dto/account/accountRequest.go:13.83,19.2 1 1
github.com/osmait/gestorDePresupuesto/src/internals/platform/dto/account/accountRequest.go:23.43,27.2 1 0
github.com/osmait/gestorDePresupuesto/src/internals/platform/dto/account/accountResponse.go:10.96,15.2 1 1
github.com/osmait/gestorDePresupuesto/src/internals/platform/dto/transaction/transactionRequest.go:13.139,23.2 1 1
github.com/osmait/gestorDePresupuesto/src/internals/platform/dto/transaction/transactionResponse.go:17.156,28.2 1 1
github.com/osmait/gestorDePresupuesto/src/internals/services/account/accountServcies.go:17.98,21.2 1 3
github.com/osmait/gestorDePresupuesto/src/internals/services/account/accountServcies.go:23.117,25.16 2 1
github.com/osmait/gestorDePresupuesto/src/internals/services/account/accountServcies.go:25.16,27.3 1 0
github.com/osmait/gestorDePresupuesto/src/internals/services/account/accountServcies.go:28.2,34.12 5 1
github.com/osmait/gestorDePresupuesto/src/internals/services/account/accountServcies.go:37.102,39.16 2 1
github.com/osmait/gestorDePresupuesto/src/internals/services/account/accountServcies.go:39.16,41.3 1 0
github.com/osmait/gestorDePresupuesto/src/internals/services/account/accountServcies.go:42.2,44.35 2 1
github.com/osmait/gestorDePresupuesto/src/internals/services/account/accountServcies.go:44.35,46.17 2 10
github.com/osmait/gestorDePresupuesto/src/internals/services/account/accountServcies.go:46.17,48.4 1 0
github.com/osmait/gestorDePresupuesto/src/internals/services/account/accountServcies.go:50.3,51.63 2 10
github.com/osmait/gestorDePresupuesto/src/internals/services/account/accountServcies.go:54.2,54.30 1 1
github.com/osmait/gestorDePresupuesto/src/internals/services/account/accountServcies.go:57.78,60.2 2 1
github.com/osmait/gestorDePresupuesto/src/internals/services/account/accountServcies.go:62.83,64.16 2 0
github.com/osmait/gestorDePresupuesto/src/internals/services/account/accountServcies.go:64.16,66.3 1 0
github.com/osmait/gestorDePresupuesto/src/internals/services/account/accountServcies.go:67.2,67.21 1 0
github.com/osmait/gestorDePresupuesto/src/internals/services/transaction/transactionService.go:20.117,24.2 1 4
github.com/osmait/gestorDePresupuesto/src/internals/services/transaction/transactionService.go:26.209,28.16 2 1
github.com/osmait/gestorDePresupuesto/src/internals/services/transaction/transactionService.go:28.16,30.3 1 0
github.com/osmait/gestorDePresupuesto/src/internals/services/transaction/transactionService.go:31.2,32.29 2 1
github.com/osmait/gestorDePresupuesto/src/internals/services/transaction/transactionService.go:32.29,34.3 1 0
github.com/osmait/gestorDePresupuesto/src/internals/services/transaction/transactionService.go:36.2,39.20 3 1
github.com/osmait/gestorDePresupuesto/src/internals/services/transaction/transactionService.go:39.20,41.3 1 0
github.com/osmait/gestorDePresupuesto/src/internals/services/transaction/transactionService.go:43.2,45.12 2 1
github.com/osmait/gestorDePresupuesto/src/internals/services/transaction/transactionService.go:48.132,50.16 2 1
github.com/osmait/gestorDePresupuesto/src/internals/services/transaction/transactionService.go:50.16,52.3 1 0
github.com/osmait/gestorDePresupuesto/src/internals/services/transaction/transactionService.go:54.2,55.46 2 1
github.com/osmait/gestorDePresupuesto/src/internals/services/transaction/transactionService.go:55.46,67.3 3 10
github.com/osmait/gestorDePresupuesto/src/internals/services/transaction/transactionService.go:69.2,69.37 1 1
github.com/osmait/gestorDePresupuesto/src/internals/services/transaction/transactionService.go:72.145,74.16 2 1
github.com/osmait/gestorDePresupuesto/src/internals/services/transaction/transactionService.go:74.16,76.3 1 0
github.com/osmait/gestorDePresupuesto/src/internals/services/transaction/transactionService.go:78.2,79.46 2 1
github.com/osmait/gestorDePresupuesto/src/internals/services/transaction/transactionService.go:79.46,91.3 3 5
github.com/osmait/gestorDePresupuesto/src/internals/services/transaction/transactionService.go:93.2,93.37 1 1
github.com/osmait/gestorDePresupuesto/src/internals/services/transaction/transactionService.go:96.85,99.2 2 1
